<?xml version="1.0" encoding="UTF-8"?>
<testng-results skipped="0" failed="0" ignored="0" total="7" passed="7">
  <reporter-output>
  </reporter-output>
  <suite name="Suite" duration-ms="798795" started-at="2020-05-22T06:29:55Z" finished-at="2020-05-22T06:43:14Z">
    <groups>
    </groups>
    <test name="Testclasess" duration-ms="798795" started-at="2020-05-22T06:29:55Z" finished-at="2020-05-22T06:43:14Z">
      <class name="com.amc.Testclasess.execute.WOP_MPComparisionTest">
        <test-method status="PASS" signature="WOPtoMPEpisodeDataTest()[pri:0, instance:com.amc.Testclasess.execute.WOP_MPComparisionTest@6f0a9d4f]" name="WOPtoMPEpisodeDataTest" duration-ms="2018" started-at="2020-05-22T06:42:18Z" finished-at="2020-05-22T06:42:20Z">
          <reporter-output>
          </reporter-output>
        </test-method> <!-- WOPtoMPEpisodeDataTest -->
      </class> <!-- com.amc.Testclasess.execute.WOP_MPComparisionTest -->
      <class name="com.amc.Testclasess.execute.MPEpisodeVerstionTest">
        <test-method status="PASS" signature="MPEpisodeVersionTest()[pri:0, instance:com.amc.Testclasess.execute.MPEpisodeVerstionTest@2b1cf779]" name="MPEpisodeVersionTest" duration-ms="253488" started-at="2020-05-22T06:38:05Z" finished-at="2020-05-22T06:42:18Z">
          <reporter-output>
          </reporter-output>
        </test-method> <!-- MPEpisodeVersionTest -->
      </class> <!-- com.amc.Testclasess.execute.MPEpisodeVerstionTest -->
      <class name="com.amc.Testclasess.execute.RecordLocatorTest">
        <test-method status="PASS" signature="recordSearchField()[pri:0, instance:com.amc.Testclasess.execute.RecordLocatorTest@22b9ac0f]" name="recordSearchField" duration-ms="46131" started-at="2020-05-22T06:42:20Z" finished-at="2020-05-22T06:43:06Z">
          <reporter-output>
          </reporter-output>
        </test-method> <!-- recordSearchField -->
      </class> <!-- com.amc.Testclasess.execute.RecordLocatorTest -->
      <class name="com.amc.Testclasess.execute.WOPEpisodeVersionTest">
        <test-method status="PASS" signature="wopEpisodeVersionCreation()[pri:0, instance:com.amc.Testclasess.execute.WOPEpisodeVersionTest@2f541378]" name="wopEpisodeVersionCreation" duration-ms="378088" started-at="2020-05-22T06:31:47Z" finished-at="2020-05-22T06:38:05Z">
          <reporter-output>
          </reporter-output>
        </test-method> <!-- wopEpisodeVersionCreation -->
      </class> <!-- com.amc.Testclasess.execute.WOPEpisodeVersionTest -->
      <class name="com.amc.Testclasess.execute.WOP_PortalComparisionTest">
        <test-method status="PASS" signature="WOPtoPortalEpisodeDataTest()[pri:0, instance:com.amc.Testclasess.execute.WOP_PortalComparisionTest@2df9b4f3]" name="WOPtoPortalEpisodeDataTest" duration-ms="2014" started-at="2020-05-22T06:43:06Z" finished-at="2020-05-22T06:43:08Z">
          <reporter-output>
          </reporter-output>
        </test-method> <!-- WOPtoPortalEpisodeDataTest -->
      </class> <!-- com.amc.Testclasess.execute.WOP_PortalComparisionTest -->
      <class name="com.amc.Testclasess.execute.DataBaseTest">
        <test-method status="PASS" signature="DataBaseConnectionTest()[pri:0, instance:com.amc.Testclasess.execute.DataBaseTest@6112390a]" name="DataBaseConnectionTest" duration-ms="5801" started-at="2020-05-22T06:43:08Z" finished-at="2020-05-22T06:43:14Z">
          <reporter-output>
          </reporter-output>
        </test-method> <!-- DataBaseConnectionTest -->
      </class> <!-- com.amc.Testclasess.execute.DataBaseTest -->
      <class name="com.amc.Testclasess.execute.PortalLoginTest">
        <test-method status="PASS" signature="PortalLogin()[pri:0, instance:com.amc.Testclasess.execute.PortalLoginTest@232dda63]" name="PortalLogin" duration-ms="111237" started-at="2020-05-22T06:29:55Z" finished-at="2020-05-22T06:31:47Z">
          <reporter-output>
          </reporter-output>
        </test-method> <!-- PortalLogin -->
      </class> <!-- com.amc.Testclasess.execute.PortalLoginTest -->
    </test> <!-- Testclasess -->
  </suite> <!-- Suite -->
</testng-results>
