<?xml version="1.0" encoding="UTF-8"?>
<!-- Generated by org.testng.reporters.JUnitXMLReporter -->
<testsuite hostname="MONO-HYD-LAP-41" ignored="0" name="Testclasess" tests="5" failures="0" timestamp="03 Jun 2020 18:08:15 GMT" time="34.363" errors="0">
  <testcase name="PortalLogin" time="34.314" classname="com.amc.Testclasess.execute.PortalLoginTest"/>
  <testcase name="ValidatingexpectedField" time="0.013" classname="com.amc.Testclasess.execute.DryRun"/>
  <testcase name="ValidatingActual" time="0.004" classname="com.amc.Testclasess.execute.DryRun"/>
  <testcase name="ValidatingFormat" time="0.004" classname="com.amc.Testclasess.execute.DryRun"/>
  <testcase name="ValidatingSegments" time="0.004" classname="com.amc.Testclasess.execute.DryRun"/>
</testsuite> <!-- Testclasess -->
