<?xml version="1.0" encoding="UTF-8"?>
<!-- Generated by org.testng.reporters.JUnitXMLReporter -->
<testsuite hostname="MONO-HYD-LAP-41" ignored="0" name="Testclasess" tests="17" failures="3" timestamp="17 Aug 2020 08:37:18 GMT" time="442.4" errors="0">
  <testcase name="wopEpisodeVersionCreation" time="328.067" classname="com.amc.Testclasess.execute.WOPEpisodeVersionTest"/>
  <testcase name="MPEpisodeVersionIntegrationTest" time="114.258" classname="com.amc.Testclasess.execute.MPEpisodeVersionTest"/>
  <testcase name="ValidateProductionModeTest" time="0.02" classname="com.amc.Testclasess.execute.WOP_MPComparisionTest"/>
  <testcase name="ValidateExpectedDurationTest" time="0.004" classname="com.amc.Testclasess.execute.WOP_MPComparisionTest">
    <failure type="java.lang.AssertionError" message="The following asserts failed:
	ExpectedDuration:30:00 --- Not Matched with --- [AssetSource:Original, Distributor:&amp;quot;Film Garden Entertainment, Inc. 1&amp;quot;, Title:Platinum Weddings: 04-006: Jaimie &amp;amp; Gregg, AMCNID:RLA169547.2, ShowType:Series, ProductionMode:Unscripted, Origin:Owned, SecurityStatus:Open, EditRestricted:Non Restricted (NR), EpisodeVersionType:Open, Ownernetwork:Open, Supplier:Miramax, EpisodeNumber:04-006, AiringOrder:402, ExpectedDuration:00:30:00]">
      <![CDATA[java.lang.AssertionError: The following asserts failed:
ExpectedDuration:30:00 --- Not Matched with --- [AssetSource:Original, Distributor:"Film Garden Entertainment, Inc. 1", Title:Platinum Weddings: 04-006: Jaimie & Gregg, AMCNID:RLA169547.2, ShowType:Series, ProductionMode:Unscripted, Origin:Owned, SecurityStatus:Open, EditRestricted:Non Restricted (NR), EpisodeVersionType:Open, Ownernetwork:Open, Supplier:Miramax, EpisodeNumber:04-006, AiringOrder:402, ExpectedDuration:00:30:00]
at com.amc.txrepo.WOP_MP_Comparision.WOPtoMPDataComparisions(WOP_MP_Comparision.java:82)
at com.amc.Testclasess.execute.WOP_MPComparisionTest.ValidateExpectedDurationTest(WOP_MPComparisionTest.java:36)
at com.amc.testcases.DynamicTestNG.runTestNGTest(DynamicTestNG.java:87)
at com.amc.testcases.DynamicTestNG.ExecuteScripts(DynamicTestNG.java:97)
... Removed 57 stack frames]]>
    </failure>
  </testcase> <!-- ValidateExpectedDurationTest -->
  <testcase name="ValidateAssetSourceTest" time="0.002" classname="com.amc.Testclasess.execute.WOP_MPComparisionTest"/>
  <testcase name="ValidateEpisodeNumberTest" time="0.002" classname="com.amc.Testclasess.execute.WOP_MPComparisionTest"/>
  <testcase name="ValidateAiringOrderTest" time="0.002" classname="com.amc.Testclasess.execute.WOP_MPComparisionTest"/>
  <testcase name="ValidateShowTypeTest" time="0.003" classname="com.amc.Testclasess.execute.WOP_MPComparisionTest"/>
  <testcase name="ValidateDistributorTest" time="0.002" classname="com.amc.Testclasess.execute.WOP_MPComparisionTest"/>
  <testcase name="ValidateSecurityStatusTest" time="0.002" classname="com.amc.Testclasess.execute.WOP_MPComparisionTest"/>
  <testcase name="ValidateEditRestrictedTest" time="0.002" classname="com.amc.Testclasess.execute.WOP_MPComparisionTest"/>
  <testcase name="ValidateOwnernetworkTest" time="0.002" classname="com.amc.Testclasess.execute.WOP_MPComparisionTest">
    <failure type="java.lang.AssertionError" message="The following asserts failed:
	Ownernetwork:WE --- Not Matched with --- [AssetSource:Original, Distributor:&amp;quot;Film Garden Entertainment, Inc. 1&amp;quot;, Title:Platinum Weddings: 04-006: Jaimie &amp;amp; Gregg, AMCNID:RLA169547.2, ShowType:Series, ProductionMode:Unscripted, Origin:Owned, SecurityStatus:Open, EditRestricted:Non Restricted (NR), EpisodeVersionType:Open, Ownernetwork:Open, Supplier:Miramax, EpisodeNumber:04-006, AiringOrder:402, ExpectedDuration:00:30:00]">
      <![CDATA[java.lang.AssertionError: The following asserts failed:
Ownernetwork:WE --- Not Matched with --- [AssetSource:Original, Distributor:"Film Garden Entertainment, Inc. 1", Title:Platinum Weddings: 04-006: Jaimie & Gregg, AMCNID:RLA169547.2, ShowType:Series, ProductionMode:Unscripted, Origin:Owned, SecurityStatus:Open, EditRestricted:Non Restricted (NR), EpisodeVersionType:Open, Ownernetwork:Open, Supplier:Miramax, EpisodeNumber:04-006, AiringOrder:402, ExpectedDuration:00:30:00]
at com.amc.txrepo.WOP_MP_Comparision.WOPtoMPDataComparisions(WOP_MP_Comparision.java:82)
at com.amc.Testclasess.execute.WOP_MPComparisionTest.ValidateOwnernetworkTest(WOP_MPComparisionTest.java:144)
at com.amc.testcases.DynamicTestNG.runTestNGTest(DynamicTestNG.java:87)
at com.amc.testcases.DynamicTestNG.ExecuteScripts(DynamicTestNG.java:97)
... Removed 57 stack frames]]>
    </failure>
  </testcase> <!-- ValidateOwnernetworkTest -->
  <testcase name="ValidateOriginTest" time="0.001" classname="com.amc.Testclasess.execute.WOP_MPComparisionTest"/>
  <testcase name="ValidateTitleTest" time="0.001" classname="com.amc.Testclasess.execute.WOP_MPComparisionTest"/>
  <testcase name="ValidateEpisodeVersionTypeTest" time="0.003" classname="com.amc.Testclasess.execute.WOP_MPComparisionTest">
    <failure type="java.lang.AssertionError" message="The following asserts failed:
	EpisodeVersionType:Platinum Weddings: 04-006: Jaimie &amp;amp; Gregg --- Not Matched with --- [AssetSource:Original, Distributor:&amp;quot;Film Garden Entertainment, Inc. 1&amp;quot;, Title:Platinum Weddings: 04-006: Jaimie &amp;amp; Gregg, AMCNID:RLA169547.2, ShowType:Series, ProductionMode:Unscripted, Origin:Owned, SecurityStatus:Open, EditRestricted:Non Restricted (NR), EpisodeVersionType:Open, Ownernetwork:Open, Supplier:Miramax, EpisodeNumber:04-006, AiringOrder:402, ExpectedDuration:00:30:00]">
      <![CDATA[java.lang.AssertionError: The following asserts failed:
EpisodeVersionType:Platinum Weddings: 04-006: Jaimie & Gregg --- Not Matched with --- [AssetSource:Original, Distributor:"Film Garden Entertainment, Inc. 1", Title:Platinum Weddings: 04-006: Jaimie & Gregg, AMCNID:RLA169547.2, ShowType:Series, ProductionMode:Unscripted, Origin:Owned, SecurityStatus:Open, EditRestricted:Non Restricted (NR), EpisodeVersionType:Open, Ownernetwork:Open, Supplier:Miramax, EpisodeNumber:04-006, AiringOrder:402, ExpectedDuration:00:30:00]
at com.amc.txrepo.WOP_MP_Comparision.WOPtoMPDataComparisions(WOP_MP_Comparision.java:82)
at com.amc.Testclasess.execute.WOP_MPComparisionTest.ValidateEpisodeVersionTypeTest(WOP_MPComparisionTest.java:183)
at com.amc.testcases.DynamicTestNG.runTestNGTest(DynamicTestNG.java:87)
at com.amc.testcases.DynamicTestNG.ExecuteScripts(DynamicTestNG.java:97)
... Removed 57 stack frames]]>
    </failure>
  </testcase> <!-- ValidateEpisodeVersionTypeTest -->
  <testcase name="ValidateAMCNIDTest" time="0.003" classname="com.amc.Testclasess.execute.WOP_MPComparisionTest"/>
  <testcase name="ValidateSupplierTest" time="0.002" classname="com.amc.Testclasess.execute.WOP_MPComparisionTest"/>
</testsuite> <!-- Testclasess -->
