<?xml version="1.0" encoding="UTF-8"?>
<testng-results skipped="0" failed="0" ignored="0" total="1" passed="1">
  <reporter-output>
  </reporter-output>
  <suite name="Suite" duration-ms="733919" started-at="2020-06-18T07:45:34Z" finished-at="2020-06-18T07:57:48Z">
    <groups>
    </groups>
    <test name="Test" duration-ms="733919" started-at="2020-06-18T07:45:34Z" finished-at="2020-06-18T07:57:48Z">
      <class name="com.amc.testcases.DynamicTestNG">
        <test-method status="PASS" signature="ExecuteScripts()[pri:0, instance:com.amc.testcases.DynamicTestNG@41f964f9]" name="ExecuteScripts" duration-ms="733819" started-at="2020-06-18T07:45:34Z" finished-at="2020-06-18T07:57:48Z">
          <reporter-output>
          </reporter-output>
        </test-method> <!-- ExecuteScripts -->
      </class> <!-- com.amc.testcases.DynamicTestNG -->
    </test> <!-- Test -->
  </suite> <!-- Suite -->
</testng-results>
