<?xml version="1.0" encoding="UTF-8"?>
<testng-results skipped="0" failed="0" ignored="0" total="1" passed="1">
  <reporter-output>
  </reporter-output>
  <suite name="Suite" duration-ms="663181" started-at="2020-04-15T06:09:10Z" finished-at="2020-04-15T06:20:13Z">
    <groups>
    </groups>
    <test name="Test" duration-ms="663181" started-at="2020-04-15T06:09:10Z" finished-at="2020-04-15T06:20:13Z">
      <class name="com.amc.testcases.DynamicTestNG">
        <test-method status="PASS" signature="ExecuteScripts()[pri:0, instance:com.amc.testcases.DynamicTestNG@4e4395c]" name="ExecuteScripts" duration-ms="663096" started-at="2020-04-15T06:09:10Z" finished-at="2020-04-15T06:20:13Z">
          <reporter-output>
          </reporter-output>
        </test-method> <!-- ExecuteScripts -->
      </class> <!-- com.amc.testcases.DynamicTestNG -->
    </test> <!-- Test -->
  </suite> <!-- Suite -->
</testng-results>
